2014/03/25 16:16:41 [error] [exception.CException] exception 'CException' with message 'Alias "bootstrap.components.BsApi" is invalid. Make sure it points to an existing PHP file and the file is readable.' in C:\wamp\www\yii\framework\YiiBase.php:322
Stack trace:
#0 C:\wamp\www\yii\framework\YiiBase.php(196): YiiBase::import('bootstrap.compo...', true)
#1 C:\wamp\www\yii\framework\base\CModule.php(386): YiiBase::createComponent(Array)
#2 C:\wamp\www\yii\framework\base\CModule.php(523): CModule->getComponent('bootstrap')
#3 C:\wamp\www\yii\framework\base\CApplication.php(163): CModule->preloadComponents()
#4 C:\wamp\www\yii\framework\YiiBase.php(125): CApplication->__construct('C:\wamp\www\red...')
#5 C:\wamp\www\yii\framework\YiiBase.php(98): YiiBase::createApplication('CWebApplication', 'C:\wamp\www\red...')
#6 C:\wamp\www\redtres\index.php(13): YiiBase::createWebApplication('C:\wamp\www\red...')
#7 {main}
REQUEST_URI=/redtres/
HTTP_REFERER=http://localhost/
---
2014/03/25 16:17:11 [error] [exception.CException] exception 'CException' with message 'Alias "bootstrap.components.BsApi" is invalid. Make sure it points to an existing PHP file and the file is readable.' in C:\wamp\www\yii\framework\YiiBase.php:322
Stack trace:
#0 C:\wamp\www\yii\framework\YiiBase.php(196): YiiBase::import('bootstrap.compo...', true)
#1 C:\wamp\www\yii\framework\base\CModule.php(386): YiiBase::createComponent(Array)
#2 C:\wamp\www\yii\framework\base\CModule.php(523): CModule->getComponent('bootstrap')
#3 C:\wamp\www\yii\framework\base\CApplication.php(163): CModule->preloadComponents()
#4 C:\wamp\www\yii\framework\YiiBase.php(125): CApplication->__construct('C:\wamp\www\red...')
#5 C:\wamp\www\yii\framework\YiiBase.php(98): YiiBase::createApplication('CWebApplication', 'C:\wamp\www\red...')
#6 C:\wamp\www\redtres\index.php(13): YiiBase::createWebApplication('C:\wamp\www\red...')
#7 {main}
REQUEST_URI=/redtres/
HTTP_REFERER=http://localhost/
---
2014/03/25 16:17:42 [error] [exception.CException] exception 'CException' with message 'Alias "bootstrap.components.BsApi" is invalid. Make sure it points to an existing PHP file and the file is readable.' in C:\wamp\www\yii\framework\YiiBase.php:322
Stack trace:
#0 C:\wamp\www\yii\framework\YiiBase.php(196): YiiBase::import('bootstrap.compo...', true)
#1 C:\wamp\www\yii\framework\base\CModule.php(386): YiiBase::createComponent(Array)
#2 C:\wamp\www\yii\framework\base\CModule.php(523): CModule->getComponent('bootstrap')
#3 C:\wamp\www\yii\framework\base\CApplication.php(163): CModule->preloadComponents()
#4 C:\wamp\www\yii\framework\YiiBase.php(125): CApplication->__construct('C:\wamp\www\red...')
#5 C:\wamp\www\yii\framework\YiiBase.php(98): YiiBase::createApplication('CWebApplication', 'C:\wamp\www\red...')
#6 C:\wamp\www\redtres\index.php(13): YiiBase::createWebApplication('C:\wamp\www\red...')
#7 {main}
REQUEST_URI=/redtres/
HTTP_REFERER=http://localhost/
---
2014/03/25 16:17:43 [error] [exception.CException] exception 'CException' with message 'Alias "bootstrap.components.BsApi" is invalid. Make sure it points to an existing PHP file and the file is readable.' in C:\wamp\www\yii\framework\YiiBase.php:322
Stack trace:
#0 C:\wamp\www\yii\framework\YiiBase.php(196): YiiBase::import('bootstrap.compo...', true)
#1 C:\wamp\www\yii\framework\base\CModule.php(386): YiiBase::createComponent(Array)
#2 C:\wamp\www\yii\framework\base\CModule.php(523): CModule->getComponent('bootstrap')
#3 C:\wamp\www\yii\framework\base\CApplication.php(163): CModule->preloadComponents()
#4 C:\wamp\www\yii\framework\YiiBase.php(125): CApplication->__construct('C:\wamp\www\red...')
#5 C:\wamp\www\yii\framework\YiiBase.php(98): YiiBase::createApplication('CWebApplication', 'C:\wamp\www\red...')
#6 C:\wamp\www\redtres\index.php(13): YiiBase::createWebApplication('C:\wamp\www\red...')
#7 {main}
REQUEST_URI=/redtres/
HTTP_REFERER=http://localhost/
---
2014/03/25 16:17:44 [error] [exception.CException] exception 'CException' with message 'Alias "bootstrap.components.BsApi" is invalid. Make sure it points to an existing PHP file and the file is readable.' in C:\wamp\www\yii\framework\YiiBase.php:322
Stack trace:
#0 C:\wamp\www\yii\framework\YiiBase.php(196): YiiBase::import('bootstrap.compo...', true)
#1 C:\wamp\www\yii\framework\base\CModule.php(386): YiiBase::createComponent(Array)
#2 C:\wamp\www\yii\framework\base\CModule.php(523): CModule->getComponent('bootstrap')
#3 C:\wamp\www\yii\framework\base\CApplication.php(163): CModule->preloadComponents()
#4 C:\wamp\www\yii\framework\YiiBase.php(125): CApplication->__construct('C:\wamp\www\red...')
#5 C:\wamp\www\yii\framework\YiiBase.php(98): YiiBase::createApplication('CWebApplication', 'C:\wamp\www\red...')
#6 C:\wamp\www\redtres\index.php(13): YiiBase::createWebApplication('C:\wamp\www\red...')
#7 {main}
REQUEST_URI=/redtres/
HTTP_REFERER=http://localhost/
---
2014/03/25 16:17:44 [error] [exception.CException] exception 'CException' with message 'Alias "bootstrap.components.BsApi" is invalid. Make sure it points to an existing PHP file and the file is readable.' in C:\wamp\www\yii\framework\YiiBase.php:322
Stack trace:
#0 C:\wamp\www\yii\framework\YiiBase.php(196): YiiBase::import('bootstrap.compo...', true)
#1 C:\wamp\www\yii\framework\base\CModule.php(386): YiiBase::createComponent(Array)
#2 C:\wamp\www\yii\framework\base\CModule.php(523): CModule->getComponent('bootstrap')
#3 C:\wamp\www\yii\framework\base\CApplication.php(163): CModule->preloadComponents()
#4 C:\wamp\www\yii\framework\YiiBase.php(125): CApplication->__construct('C:\wamp\www\red...')
#5 C:\wamp\www\yii\framework\YiiBase.php(98): YiiBase::createApplication('CWebApplication', 'C:\wamp\www\red...')
#6 C:\wamp\www\redtres\index.php(13): YiiBase::createWebApplication('C:\wamp\www\red...')
#7 {main}
REQUEST_URI=/redtres/
HTTP_REFERER=http://localhost/
---
2014/03/25 16:17:44 [error] [exception.CException] exception 'CException' with message 'Alias "bootstrap.components.BsApi" is invalid. Make sure it points to an existing PHP file and the file is readable.' in C:\wamp\www\yii\framework\YiiBase.php:322
Stack trace:
#0 C:\wamp\www\yii\framework\YiiBase.php(196): YiiBase::import('bootstrap.compo...', true)
#1 C:\wamp\www\yii\framework\base\CModule.php(386): YiiBase::createComponent(Array)
#2 C:\wamp\www\yii\framework\base\CModule.php(523): CModule->getComponent('bootstrap')
#3 C:\wamp\www\yii\framework\base\CApplication.php(163): CModule->preloadComponents()
#4 C:\wamp\www\yii\framework\YiiBase.php(125): CApplication->__construct('C:\wamp\www\red...')
#5 C:\wamp\www\yii\framework\YiiBase.php(98): YiiBase::createApplication('CWebApplication', 'C:\wamp\www\red...')
#6 C:\wamp\www\redtres\index.php(13): YiiBase::createWebApplication('C:\wamp\www\red...')
#7 {main}
REQUEST_URI=/redtres/
HTTP_REFERER=http://localhost/
---
2014/03/25 16:54:14 [error] [exception.CException] exception 'CException' with message 'Alias "bootstrap.components.Bootstrap" is invalid. Make sure it points to an existing PHP file and the file is readable.' in C:\wamp\www\yii\framework\YiiBase.php:322
Stack trace:
#0 C:\wamp\www\yii\framework\YiiBase.php(196): YiiBase::import('bootstrap.compo...', true)
#1 C:\wamp\www\yii\framework\base\CModule.php(386): YiiBase::createComponent(Array)
#2 C:\wamp\www\yii\framework\base\CModule.php(523): CModule->getComponent('bootstrap')
#3 C:\wamp\www\yii\framework\base\CApplication.php(163): CModule->preloadComponents()
#4 C:\wamp\www\yii\framework\YiiBase.php(125): CApplication->__construct('C:\wamp\www\red...')
#5 C:\wamp\www\yii\framework\YiiBase.php(98): YiiBase::createApplication('CWebApplication', 'C:\wamp\www\red...')
#6 C:\wamp\www\redtres\index.php(13): YiiBase::createWebApplication('C:\wamp\www\red...')
#7 {main}
REQUEST_URI=/redtres/
---
2014/03/25 16:54:28 [error] [php] include(BsHtml.php): failed to open stream: No such file or directory (C:\wamp\www\yii\framework\YiiBase.php:427)
Stack trace:
#0 C:\wamp\www\redtres\protected\views\layouts\main.php(32): spl_autoload_call()
#1 C:\wamp\www\yii\framework\web\CBaseController.php(126): require()
#2 C:\wamp\www\yii\framework\web\CBaseController.php(95): SiteController->renderInternal()
#3 C:\wamp\www\yii\framework\web\widgets\CContentDecorator.php(76): SiteController->renderFile()
#4 C:\wamp\www\yii\framework\web\widgets\CContentDecorator.php(54): CContentDecorator->decorate()
#5 C:\wamp\www\yii\framework\web\widgets\COutputProcessor.php(44): CContentDecorator->processOutput()
#6 C:\wamp\www\yii\framework\web\CBaseController.php(206): CContentDecorator->run()
#7 C:\wamp\www\yii\framework\web\CBaseController.php(300): SiteController->endWidget()
#8 C:\wamp\www\redtres\protected\views\layouts\column1.php(6): SiteController->endContent()
#9 C:\wamp\www\yii\framework\web\CBaseController.php(126): require()
#10 C:\wamp\www\yii\framework\web\CBaseController.php(95): SiteController->renderInternal()
#11 C:\wamp\www\yii\framework\web\CController.php(784): SiteController->renderFile()
#12 C:\wamp\www\redtres\protected\controllers\SiteController.php(32): SiteController->render()
#13 C:\wamp\www\yii\framework\web\actions\CInlineAction.php(49): SiteController->actionIndex()
#14 C:\wamp\www\yii\framework\web\CController.php(308): CInlineAction->runWithParams()
#15 C:\wamp\www\yii\framework\web\CController.php(286): SiteController->runAction()
#16 C:\wamp\www\yii\framework\web\CController.php(265): SiteController->runActionWithFilters()
#17 C:\wamp\www\yii\framework\web\CWebApplication.php(282): SiteController->run()
#18 C:\wamp\www\yii\framework\web\CWebApplication.php(141): CWebApplication->runController()
#19 C:\wamp\www\yii\framework\base\CApplication.php(180): CWebApplication->processRequest()
#20 C:\wamp\www\redtres\index.php(13): CWebApplication->run()
REQUEST_URI=/redtres/
in C:\wamp\www\redtres\protected\views\layouts\main.php (32)
in C:\wamp\www\redtres\protected\views\layouts\column1.php (6)
in C:\wamp\www\redtres\protected\controllers\SiteController.php (32)
